{"D:\\Prywatne\\simple-movie-api\\src\\api\\movies\\movie.model.ts": {"path":"D:\\Prywatne\\simple-movie-api\\src\\api\\movies\\movie.model.ts","statementMap":{"0":{"start":{"line":1,"column":0},"end":{"line":1,"column":65}},"1":{"start":{"line":3,"column":0},"end":{"line":3,"column":null}},"2":{"start":{"line":4,"column":2},"end":{"line":4,"column":null}},"3":{"start":{"line":5,"column":2},"end":{"line":5,"column":null}},"4":{"start":{"line":6,"column":2},"end":{"line":6,"column":null}},"5":{"start":{"line":7,"column":2},"end":{"line":7,"column":null}},"6":{"start":{"line":8,"column":2},"end":{"line":8,"column":null}},"7":{"start":{"line":9,"column":2},"end":{"line":9,"column":null}},"8":{"start":{"line":10,"column":2},"end":{"line":10,"column":null}},"9":{"start":{"line":11,"column":2},"end":{"line":11,"column":null}},"10":{"start":{"line":12,"column":2},"end":{"line":12,"column":null}},"11":{"start":{"line":13,"column":2},"end":{"line":13,"column":null}},"12":{"start":{"line":17,"column":0},"end":{"line":36,"column":null}},"13":{"start":{"line":19,"column":2},"end":{"line":19,"column":null}},"14":{"start":{"line":24,"column":2},"end":{"line":24,"column":null}},"15":{"start":{"line":29,"column":2},"end":{"line":29,"column":null}},"16":{"start":{"line":35,"column":2},"end":{"line":35,"column":null}},"17":{"start":{"line":17,"column":13},"end":{"line":36,"column":null}},"18":{"start":{"line":17,"column":13},"end":{"line":17,"column":18}}},"fnMap":{"0":{"name":"(anonymous_2)","decl":{"start":{"line":3,"column":0},"end":{"line":3,"column":12}},"loc":{"start":{"line":3,"column":21},"end":{"line":14,"column":1}}}},"branchMap":{"0":{"loc":{"start":{"line":3,"column":12},"end":{"line":3,"column":null}},"type":"binary-expr","locations":[{"start":{"line":3,"column":12},"end":{"line":3,"column":21}},{"start":{"line":3,"column":12},"end":{"line":3,"column":null}}]}},"s":{"0":1,"1":1,"2":1,"3":1,"4":1,"5":1,"6":1,"7":1,"8":1,"9":1,"10":1,"11":1,"12":1,"13":1,"14":1,"15":1,"16":1,"17":1,"18":1},"f":{"0":1},"b":{"0":[1,1]}}
,"D:\\Prywatne\\simple-movie-api\\src\\api\\movies\\movie.service.ts": {"path":"D:\\Prywatne\\simple-movie-api\\src\\api\\movies\\movie.service.ts","statementMap":{"0":{"start":{"line":2,"column":0},"end":{"line":2,"column":59}},"1":{"start":{"line":8,"column":22},"end":{"line":8,"column":54}},"2":{"start":{"line":10,"column":9},"end":{"line":12,"column":4}},"3":{"start":{"line":10,"column":46},"end":{"line":12,"column":4}},"4":{"start":{"line":11,"column":4},"end":{"line":11,"column":47}},"5":{"start":{"line":14,"column":9},"end":{"line":16,"column":4}},"6":{"start":{"line":14,"column":35},"end":{"line":16,"column":4}},"7":{"start":{"line":15,"column":4},"end":{"line":15,"column":47}},"8":{"start":{"line":18,"column":9},"end":{"line":24,"column":4}},"9":{"start":{"line":18,"column":61},"end":{"line":24,"column":4}},"10":{"start":{"line":19,"column":18},"end":{"line":19,"column":61}},"11":{"start":{"line":21,"column":4},"end":{"line":21,"column":42}},"12":{"start":{"line":21,"column":16},"end":{"line":21,"column":42}},"13":{"start":{"line":23,"column":4},"end":{"line":23,"column":17}},"14":{"start":{"line":26,"column":9},"end":{"line":29,"column":4}},"15":{"start":{"line":26,"column":81},"end":{"line":29,"column":4}},"16":{"start":{"line":27,"column":36},"end":{"line":27,"column":88}},"17":{"start":{"line":28,"column":4},"end":{"line":28,"column":24}},"18":{"start":{"line":31,"column":9},"end":{"line":33,"column":4}},"19":{"start":{"line":31,"column":71},"end":{"line":33,"column":4}},"20":{"start":{"line":32,"column":4},"end":{"line":32,"column":52}},"21":{"start":{"line":7,"column":0},"end":{"line":7,"column":13}}},"fnMap":{"0":{"name":"(anonymous_7)","decl":{"start":{"line":8,"column":2},"end":{"line":8,"column":22}},"loc":{"start":{"line":8,"column":54},"end":{"line":8,"column":58}}},"1":{"name":"(anonymous_8)","decl":{"start":{"line":10,"column":20},"end":{"line":10,"column":27}},"loc":{"start":{"line":10,"column":46},"end":{"line":12,"column":4}}},"2":{"name":"(anonymous_9)","decl":{"start":{"line":10,"column":46},"end":{"line":10,"column":null}},"loc":{"start":{"line":10,"column":46},"end":{"line":12,"column":3}}},"3":{"name":"(anonymous_10)","decl":{"start":{"line":14,"column":24},"end":{"line":14,"column":33}},"loc":{"start":{"line":14,"column":35},"end":{"line":16,"column":4}}},"4":{"name":"(anonymous_11)","decl":{"start":{"line":14,"column":35},"end":{"line":14,"column":null}},"loc":{"start":{"line":14,"column":35},"end":{"line":16,"column":3}}},"5":{"name":"(anonymous_12)","decl":{"start":{"line":18,"column":24},"end":{"line":18,"column":31}},"loc":{"start":{"line":18,"column":61},"end":{"line":24,"column":4}}},"6":{"name":"(anonymous_13)","decl":{"start":{"line":18,"column":61},"end":{"line":18,"column":null}},"loc":{"start":{"line":18,"column":61},"end":{"line":24,"column":3}}},"7":{"name":"(anonymous_14)","decl":{"start":{"line":26,"column":27},"end":{"line":26,"column":34}},"loc":{"start":{"line":26,"column":81},"end":{"line":29,"column":4}}},"8":{"name":"(anonymous_15)","decl":{"start":{"line":26,"column":81},"end":{"line":26,"column":null}},"loc":{"start":{"line":26,"column":81},"end":{"line":29,"column":3}}},"9":{"name":"(anonymous_16)","decl":{"start":{"line":31,"column":27},"end":{"line":31,"column":34}},"loc":{"start":{"line":31,"column":71},"end":{"line":33,"column":4}}},"10":{"name":"(anonymous_17)","decl":{"start":{"line":31,"column":71},"end":{"line":31,"column":null}},"loc":{"start":{"line":31,"column":71},"end":{"line":33,"column":3}}}},"branchMap":{"0":{"loc":{"start":{"line":21,"column":4},"end":{"line":21,"column":42}},"type":"if","locations":[{"start":{"line":21,"column":4},"end":{"line":21,"column":42}}]}},"s":{"0":1,"1":1,"2":1,"3":2,"4":2,"5":1,"6":2,"7":2,"8":1,"9":3,"10":3,"11":3,"12":2,"13":1,"14":1,"15":2,"16":2,"17":1,"18":1,"19":2,"20":2,"21":1},"f":{"0":1,"1":2,"2":2,"3":2,"4":2,"5":3,"6":3,"7":2,"8":2,"9":2,"10":2},"b":{"0":[2]}}
,"D:\\Prywatne\\simple-movie-api\\src\\errors\\CustomError.ts": {"path":"D:\\Prywatne\\simple-movie-api\\src\\errors\\CustomError.ts","statementMap":{"0":{"start":{"line":7,"column":4},"end":{"line":7,"column":19}},"1":{"start":{"line":3,"column":20},"end":{"line":3,"column":32}},"2":{"start":{"line":4,"column":20},"end":{"line":4,"column":35}},"3":{"start":{"line":5,"column":20},"end":{"line":5,"column":45}},"4":{"start":{"line":1,"column":0},"end":{"line":1,"column":13}}},"fnMap":{"0":{"name":"(anonymous_0)","decl":{"start":{"line":2,"column":2},"end":{"line":2,"column":null}},"loc":{"start":{"line":5,"column":45},"end":{"line":8,"column":3}}}},"branchMap":{},"s":{"0":2,"1":2,"2":2,"3":2,"4":1},"f":{"0":2},"b":{}}
,"D:\\Prywatne\\simple-movie-api\\src\\errors\\MovieNotFound.ts": {"path":"D:\\Prywatne\\simple-movie-api\\src\\errors\\MovieNotFound.ts","statementMap":{"0":{"start":{"line":1,"column":0},"end":{"line":1,"column":44}},"1":{"start":{"line":2,"column":0},"end":{"line":2,"column":63}},"2":{"start":{"line":6,"column":4},"end":{"line":6,"column":78}},"3":{"start":{"line":4,"column":0},"end":{"line":4,"column":13}}},"fnMap":{"0":{"name":"(anonymous_0)","decl":{"start":{"line":5,"column":2},"end":{"line":5,"column":null}},"loc":{"start":{"line":5,"column":2},"end":{"line":7,"column":3}}}},"branchMap":{},"s":{"0":1,"1":1,"2":2,"3":1},"f":{"0":2},"b":{}}
,"D:\\Prywatne\\simple-movie-api\\src\\errors\\types.ts": {"path":"D:\\Prywatne\\simple-movie-api\\src\\errors\\types.ts","statementMap":{"0":{"start":{"line":1,"column":0},"end":{"line":1,"column":null}},"1":{"start":{"line":2,"column":2},"end":{"line":2,"column":null}},"2":{"start":{"line":3,"column":2},"end":{"line":3,"column":null}},"3":{"start":{"line":4,"column":2},"end":{"line":4,"column":null}},"4":{"start":{"line":5,"column":2},"end":{"line":5,"column":null}},"5":{"start":{"line":6,"column":2},"end":{"line":6,"column":null}},"6":{"start":{"line":7,"column":2},"end":{"line":7,"column":null}},"7":{"start":{"line":10,"column":0},"end":{"line":10,"column":null}},"8":{"start":{"line":11,"column":2},"end":{"line":11,"column":null}},"9":{"start":{"line":12,"column":2},"end":{"line":12,"column":null}},"10":{"start":{"line":13,"column":2},"end":{"line":13,"column":null}}},"fnMap":{"0":{"name":"(anonymous_0)","decl":{"start":{"line":1,"column":0},"end":{"line":1,"column":12}},"loc":{"start":{"line":1,"column":26},"end":{"line":8,"column":1}}},"1":{"name":"(anonymous_1)","decl":{"start":{"line":10,"column":0},"end":{"line":10,"column":12}},"loc":{"start":{"line":10,"column":32},"end":{"line":14,"column":1}}}},"branchMap":{"0":{"loc":{"start":{"line":1,"column":12},"end":{"line":1,"column":null}},"type":"binary-expr","locations":[{"start":{"line":1,"column":12},"end":{"line":1,"column":26}},{"start":{"line":1,"column":12},"end":{"line":1,"column":null}}]},"1":{"loc":{"start":{"line":10,"column":12},"end":{"line":10,"column":null}},"type":"binary-expr","locations":[{"start":{"line":10,"column":12},"end":{"line":10,"column":32}},{"start":{"line":10,"column":12},"end":{"line":10,"column":null}}]}},"s":{"0":1,"1":1,"2":1,"3":1,"4":1,"5":1,"6":1,"7":1,"8":1,"9":1,"10":1},"f":{"0":1,"1":1},"b":{"0":[1,1],"1":[1,1]}}
}
